[2025-12-07 00:05:53] [info] Người dùng 'admin' (Chủ nhà trọ) đã đăng xuất khỏi hệ thống với vai trò 'admin'
[2025-12-07 00:05:59] [info] Người dùng 'nguyendangkhoi13' đăng nhập thành công với vai trò 'nguoithue'
[2025-12-07 00:10:33] [info] Người dùng 'nguyendangkhoi13' (Nguyễn Đăng Khôi) đã đăng xuất khỏi hệ thống với vai trò 'nguoithue'
[2025-12-07 00:15:21] [warning] Đăng nhập thất bại - Tài khoản không tồn tại hoặc bị khóa: nguyendangkhoi12
[2025-12-07 00:15:31] [info] Người dùng 'nguyendangkhoi13' đăng nhập thành công với vai trò 'nguoithue'
[2025-12-07 00:23:41] [info] Người dùng 'nguyendangkhoi13' (Nguyễn Đăng Khôi) đã đăng xuất khỏi hệ thống với vai trò 'nguoithue'
[2025-12-07 00:23:52] [info] Người dùng 'admin' đăng nhập thành công với vai trò 'admin'
[2025-12-07 00:24:31] [info] Người dùng 'admin' (Chủ nhà trọ) đã đăng xuất khỏi hệ thống với vai trò 'admin'
[2025-12-07 00:24:47] [warning] Đăng nhập thất bại - Tài khoản không tồn tại hoặc bị khóa: nguyen
[2025-12-07 00:24:55] [info] Người dùng 'nguyendangkhoi13' đăng nhập thành công với vai trò 'nguoithue'
[2025-12-07 00:25:06] [info] Người dùng 'nguyendangkhoi13' (Nguyễn Đăng Khôi) đã đăng xuất khỏi hệ thống với vai trò 'nguoithue'
[2025-12-07 00:25:15] [info] Người dùng 'admin' đăng nhập thành công với vai trò 'admin'
[2025-12-07 00:58:41] [info] Người dùng 'admin' (Chủ nhà trọ) đã đăng xuất khỏi hệ thống với vai trò 'admin'
[2025-12-07 00:58:51] [info] Người dùng 'ngonguyenthuyvy12' đăng nhập thành công với vai trò 'nguoithue'
[2025-12-07 01:05:05] [info] Người dùng 'ngonguyenthuyvy12' (Ngô Nguyễn Thúy Vy) đã đăng xuất khỏi hệ thống với vai trò 'nguoithue'
[2025-12-07 01:05:19] [info] Người dùng 'admin' đăng nhập thành công với vai trò 'admin'
[2025-12-07 22:53:30] [info] Người dùng 'nguyendangkhoi13' đăng nhập thành công với vai trò 'nguoithue'
[2025-12-07 23:04:07] [info] Người dùng 'nguyendangkhoi13' (Nguyễn Đăng Khôi) đã đăng xuất khỏi hệ thống với vai trò 'nguoithue'
[2025-12-07 23:04:16] [info] Người dùng 'admin' đăng nhập thành công với vai trò 'admin'
[2025-12-07 23:04:29] [info] Người dùng 'admin' (Chủ nhà trọ) đã đăng xuất khỏi hệ thống với vai trò 'admin'
[2025-12-07 23:04:38] [info] Người dùng 'nguyendangkhoi13' đăng nhập thành công với vai trò 'nguoithue'
[2025-12-07 23:08:51] [info] Người dùng 'nguyendangkhoi13' (Nguyễn Đăng Khôi) đã đăng xuất khỏi hệ thống với vai trò 'nguoithue'
[2025-12-07 23:09:01] [info] Người dùng 'nguyendangkhoi13' đăng nhập thành công với vai trò 'nguoithue'
[2025-12-07 23:09:18] [info] Người dùng 'nguyendangkhoi13' (Nguyễn Đăng Khôi) đã đăng xuất khỏi hệ thống với vai trò 'nguoithue'
[2025-12-07 23:09:27] [info] Người dùng 'nguyendangkhoi13' đăng nhập thành công với vai trò 'nguoithue'
[2025-12-07 23:09:30] [info] Người dùng 'nguyendangkhoi13' (Nguyễn Đăng Khôi) đã đăng xuất khỏi hệ thống với vai trò 'nguoithue'
[2025-12-07 23:30:35] [info] Người dùng 'admin' đăng nhập thành công với vai trò 'admin'
