[2025-12-04 02:06:11] [info] Người dùng 'admin' (Chủ nhà trọ) đã đăng xuất khỏi hệ thống với vai trò 'admin'
[2025-12-04 02:13:09] [info] Người dùng 'admin' đăng nhập thành công với vai trò 'admin'
[2025-12-04 02:17:49] [info] Người dùng 'admin' (Chủ nhà trọ) đã đăng xuất khỏi hệ thống với vai trò 'admin'
[2025-12-04 02:18:09] [info] Liên hệ thành công: Ngô Cảnh Nghi (SĐT: 0987564738) đã đăng ký phòng 'Phòng 01' (ID: 1). Mã liên hệ: 1
[2025-12-04 02:18:29] [info] Liên hệ thành công: Nguyễn Đăng Khôi (SĐT: 0349801407) đã đăng ký phòng 'Phòng 03' (ID: 5). Mã liên hệ: 2
[2025-12-04 02:18:38] [info] Người dùng 'admin' đăng nhập thành công với vai trò 'admin'
[2025-12-04 02:29:48] [info] Người dùng 'admin' (Chủ nhà trọ) đã đăng xuất khỏi hệ thống với vai trò 'admin'
[2025-12-04 02:30:01] [info] Liên hệ thành công: Nguyễn Đăng Khôi (SĐT: 0987654321) đã đăng ký phòng 'Phòng 02' (ID: 2). Mã liên hệ: 3
[2025-12-04 02:30:25] [info] Liên hệ thành công: Đặng Thành Hiếu (SĐT: 0123458765) đã đăng ký phòng 'Phòng 03' (ID: 5). Mã liên hệ: 4
[2025-12-04 02:30:44] [info] Liên hệ thành công: Nguyễn Hoàng Khoa (SĐT: 0679765367) đã đăng ký phòng 'Phòng 04' (ID: 4). Mã liên hệ: 5
[2025-12-04 02:30:52] [info] Người dùng 'admin' đăng nhập thành công với vai trò 'admin'
[2025-12-04 02:42:16] [info] Người dùng 'admin' (Chủ nhà trọ) đã đăng xuất khỏi hệ thống với vai trò 'admin'
[2025-12-04 02:42:28] [info] Liên hệ thành công: Nguyễn Đăng Khôi (SĐT: 0987654323) đã đăng ký phòng 'Phòng 05' (ID: 3). Mã liên hệ: 6
[2025-12-04 02:42:44] [info] Liên hệ thành công: Ngô Nguyễn Thúy Vy (SĐT: 0987654345) đã đăng ký phòng 'Phòng 02' (ID: 2). Mã liên hệ: 7
[2025-12-04 02:42:53] [info] Người dùng 'admin' đăng nhập thành công với vai trò 'admin'
[2025-12-04 09:10:02] [info] Người dùng 'admin' (Chủ nhà trọ) đã đăng xuất khỏi hệ thống với vai trò 'admin'
[2025-12-04 09:25:19] [info] Người dùng 'admin' đăng nhập thành công với vai trò 'admin'
[2025-12-04 09:26:30] [info] Người dùng 'admin' (Chủ nhà trọ) đã đăng xuất khỏi hệ thống với vai trò 'admin'
[2025-12-04 09:26:52] [info] Liên hệ thành công: Nguyễn Đăng Khôi (SĐT: 0987654345) đã đăng ký phòng 'Phòng 01' (ID: 1). Mã liên hệ: 8
[2025-12-04 09:27:20] [info] Liên hệ thành công: Nguyễn Hoàng Khoa (SĐT: 0875665434) đã đăng ký phòng 'Phòng 03' (ID: 5). Mã liên hệ: 9
[2025-12-04 09:27:49] [info] Liên hệ thành công: Huỳnh Minh Khánh (SĐT: 0657456578) đã đăng ký phòng 'Phòng 02' (ID: 2). Mã liên hệ: 10
[2025-12-04 09:28:03] [warning] Lỗi: Phòng ID 2 không tồn tại hoặc không còn trống
[2025-12-04 09:29:49] [info] Liên hệ thành công: Đặng Thành Hiếu (SĐT: 0876543456) đã đăng ký phòng 'Phòng 05' (ID: 3). Mã liên hệ: 11
[2025-12-04 09:29:59] [info] Người dùng 'admin' đăng nhập thành công với vai trò 'admin'
[2025-12-04 09:37:56] [info] Người dùng 'admin' (Chủ nhà trọ) đã đăng xuất khỏi hệ thống với vai trò 'admin'
[2025-12-04 09:38:08] [info] Người dùng 'admin' đăng nhập thành công với vai trò 'admin'
[2025-12-04 09:41:49] [info] Người dùng 'admin' (Chủ nhà trọ) đã đăng xuất khỏi hệ thống với vai trò 'admin'
[2025-12-04 10:11:07] [info] Người dùng 'admin' đăng nhập thành công với vai trò 'admin'
[2025-12-04 15:23:40] [info] Người dùng 'admin' đăng nhập thành công với vai trò 'admin'
[2025-12-04 15:26:10] [info] Người dùng 'admin' (Chủ nhà trọ) đã đăng xuất khỏi hệ thống với vai trò 'admin'
[2025-12-04 15:27:08] [info] Người dùng 'admin' đăng nhập thành công với vai trò 'admin'
[2025-12-04 17:47:51] [info] Người dùng 'admin' đăng nhập thành công với vai trò 'admin'
[2025-12-04 17:55:36] [info] Người dùng 'admin' đăng nhập thành công với vai trò 'admin'
[2025-12-04 18:03:02] [info] Người dùng 'admin' đăng nhập thành công với vai trò 'admin'
[2025-12-04 18:06:41] [info] Người dùng 'admin' đăng nhập thành công với vai trò 'admin'
[2025-12-04 23:33:34] [info] Người dùng 'admin' đăng nhập thành công với vai trò 'admin'
[2025-12-04 23:49:13] [info] Người dùng 'admin' (Chủ nhà trọ) đã đăng xuất khỏi hệ thống với vai trò 'admin'
[2025-12-04 23:53:51] [info] Liên hệ thành công: Nguyễn Hoàng Khoa (SĐT: 0987678976) đã đăng ký phòng 'Phòng 01' (ID: 12). Mã liên hệ: 12
[2025-12-04 23:55:48] [info] Liên hệ thành công: Nguyễn Đăng Khôi (SĐT: 0349801407) đã đăng ký phòng 'Phòng 11' (ID: 22). Mã liên hệ: 13
[2025-12-04 23:56:24] [info] Liên hệ thành công: Ngô Nguyễn Thúy Vy (SĐT: 0999999999) đã đăng ký phòng 'Phòng 08' (ID: 19). Mã liên hệ: 14
[2025-12-04 23:57:04] [info] Liên hệ thành công: Huỳnh Minh Khánh (SĐT: 0233322222) đã đăng ký phòng 'Phòng 14' (ID: 25). Mã liên hệ: 15
[2025-12-04 23:57:33] [info] Liên hệ thành công: Đặng Thành Hiếu (SĐT: 0234884734) đã đăng ký phòng 'Phòng 09' (ID: 20). Mã liên hệ: 16
[2025-12-04 23:58:37] [info] Liên hệ thành công: Đặng Văn Lâm (SĐT: 0977886666) đã đăng ký phòng 'Phòng 02' (ID: 13). Mã liên hệ: 17
[2025-12-04 23:58:52] [info] Người dùng 'admin' đăng nhập thành công với vai trò 'admin'
