[2025-12-05 00:22:54] [info] Người dùng 'admin' (Chủ nhà trọ) đã đăng xuất khỏi hệ thống với vai trò 'admin'
[2025-12-05 00:23:21] [info] Liên hệ thành công: Bùi Tiến Dũng (SĐT: 0927364378) đã đăng ký phòng 'Phòng 13' (ID: 24). Mã liên hệ: 18
[2025-12-05 00:23:47] [info] Liên hệ thành công: Đoàn Văn Hậu (SĐT: 0283847382) đã đăng ký phòng 'Phòng 02' (ID: 13). Mã liên hệ: 19
[2025-12-05 00:24:11] [info] Liên hệ thành công: Nguyễn Tiến Linh (SĐT: 0987473829) đã đăng ký phòng 'Phòng 03' (ID: 14). Mã liên hệ: 20
[2025-12-05 00:24:35] [info] Liên hệ thành công: Nguyễn Quang Hải (SĐT: 0039929838) đã đăng ký phòng 'Phòng 04' (ID: 15). Mã liên hệ: 21
[2025-12-05 00:25:22] [info] Liên hệ thành công: Đỗ Duy Mạnh (SĐT: 0209348377) đã đăng ký phòng 'Phòng 05' (ID: 16). Mã liên hệ: 22
[2025-12-05 00:26:47] [info] Liên hệ thành công: Lương Xuân Trường (SĐT: 0098736437) đã đăng ký phòng 'Phòng 07' (ID: 18). Mã liên hệ: 23
[2025-12-05 00:27:38] [info] Liên hệ thành công: Phan Mạnh Quỳnh (SĐT: 0937473822) đã đăng ký phòng 'Phòng 06' (ID: 17). Mã liên hệ: 24
[2025-12-05 00:28:14] [info] Liên hệ thành công: Lâm Vỹ Dạ (SĐT: 0667733773) đã đăng ký phòng 'Phòng 12' (ID: 23). Mã liên hệ: 25
[2025-12-05 00:30:10] [info] Người dùng 'admin' đăng nhập thành công với vai trò 'admin'
[2025-12-05 01:02:06] [info] Người dùng 'admin' (Chủ nhà trọ) đã đăng xuất khỏi hệ thống với vai trò 'admin'
[2025-12-05 01:07:51] [info] Người dùng 'admin' đăng nhập thành công với vai trò 'admin'
[2025-12-05 01:16:59] [info] Người dùng 'admin' (Chủ nhà trọ) đã đăng xuất khỏi hệ thống với vai trò 'admin'
[2025-12-05 08:09:50] [info] Người dùng 'admin' đăng nhập thành công với vai trò 'admin'
[2025-12-05 08:12:23] [info] Người dùng 'admin' (Chủ nhà trọ) đã đăng xuất khỏi hệ thống với vai trò 'admin'
[2025-12-05 08:12:31] [info] Người dùng 'nguyendangkhoi13' đăng nhập thành công với vai trò 'nguoithue'
[2025-12-05 08:13:25] [info] Người dùng 'nguyendangkhoi13' (Nguyễn Đăng Khôi) đã đăng xuất khỏi hệ thống với vai trò 'nguoithue'
[2025-12-05 08:13:41] [info] Người dùng 'admin' đăng nhập thành công với vai trò 'admin'
[2025-12-05 08:35:56] [info] Người dùng 'admin' (Chủ nhà trọ) đã đăng xuất khỏi hệ thống với vai trò 'admin'
[2025-12-05 10:16:48] [info] Người dùng 'admin' đăng nhập thành công với vai trò 'admin'
[2025-12-05 23:24:52] [info] Người dùng 'admin' đăng nhập thành công với vai trò 'admin'
[2025-12-05 23:25:39] [info] Người dùng 'admin' (Chủ nhà trọ) đã đăng xuất khỏi hệ thống với vai trò 'admin'
[2025-12-05 23:27:42] [info] Người dùng 'admin' đăng nhập thành công với vai trò 'admin'
[2025-12-05 23:27:53] [info] Người dùng 'admin' (Chủ nhà trọ) đã đăng xuất khỏi hệ thống với vai trò 'admin'
[2025-12-05 23:28:27] [info] Người dùng 'admin' đăng nhập thành công với vai trò 'admin'
[2025-12-05 23:29:28] [info] Người dùng 'admin' (Chủ nhà trọ) đã đăng xuất khỏi hệ thống với vai trò 'admin'
[2025-12-05 23:29:35] [info] Người dùng 'nguyendangkhoi13' đăng nhập thành công với vai trò 'nguoithue'
[2025-12-05 23:33:30] [info] Người dùng 'nguyendangkhoi13' (Nguyễn Đăng Khôi) đã đăng xuất khỏi hệ thống với vai trò 'nguoithue'
