[2025-12-08 00:18:06] [info] Người dùng 'admin' (Chủ nhà trọ) đã đăng xuất khỏi hệ thống với vai trò 'admin'
[2025-12-08 00:18:15] [info] Người dùng 'nguyendangkhoi13' đăng nhập thành công với vai trò 'nguoithue'
[2025-12-08 00:19:25] [info] Người dùng 'nguyendangkhoi13' (Nguyễn Đăng Khôi) đã đăng xuất khỏi hệ thống với vai trò 'nguoithue'
[2025-12-08 00:19:36] [info] Người dùng 'admin' đăng nhập thành công với vai trò 'admin'
[2025-12-08 00:21:18] [info] Người dùng 'admin' (Chủ nhà trọ) đã đăng xuất khỏi hệ thống với vai trò 'admin'
[2025-12-08 00:21:26] [info] Người dùng 'nguyendangkhoi13' đăng nhập thành công với vai trò 'nguoithue'
[2025-12-08 00:22:15] [info] Người dùng 'nguyendangkhoi13' (Nguyễn Đăng Khôi) đã đăng xuất khỏi hệ thống với vai trò 'nguoithue'
[2025-12-08 00:22:24] [info] Người dùng 'admin' đăng nhập thành công với vai trò 'admin'
[2025-12-08 00:34:35] [info] Người dùng 'admin' (Chủ nhà trọ) đã đăng xuất khỏi hệ thống với vai trò 'admin'
[2025-12-08 13:07:15] [info] Người dùng 'admin' đăng nhập thành công với vai trò 'admin'
[2025-12-08 13:07:25] [info] Người dùng 'admin' (Chủ nhà trọ) đã đăng xuất khỏi hệ thống với vai trò 'admin'
[2025-12-08 13:07:35] [warning] Đăng nhập thất bại - Tài khoản không tồn tại hoặc bị khóa: nguyen
[2025-12-08 13:07:46] [warning] Đăng nhập thất bại - Tài khoản không tồn tại hoặc bị khóa: nguyend
[2025-12-08 13:07:58] [info] Người dùng 'nguyendangkhoi13' đăng nhập thành công với vai trò 'nguoithue'
[2025-12-08 13:09:30] [info] Người dùng 'nguyendangkhoi13' (Nguyễn Đăng Khôi) đã đăng xuất khỏi hệ thống với vai trò 'nguoithue'
[2025-12-08 13:09:55] [info] Người dùng 'admin' đăng nhập thành công với vai trò 'admin'
[2025-12-08 13:24:11] [info] Người dùng 'admin' (Chủ nhà trọ) đã đăng xuất khỏi hệ thống với vai trò 'admin'
[2025-12-08 13:24:27] [info] Người dùng 'admin' đăng nhập thành công với vai trò 'admin'
[2025-12-08 13:25:18] [info] Người dùng 'admin' (Chủ nhà trọ) đã đăng xuất khỏi hệ thống với vai trò 'admin'
[2025-12-08 13:25:27] [info] Người dùng 'nguyendangkhoi13' đăng nhập thành công với vai trò 'nguoithue'
[2025-12-08 13:26:14] [info] Người dùng 'nguyendangkhoi13' (Nguyễn Đăng Khôi) đã đăng xuất khỏi hệ thống với vai trò 'nguoithue'
